ifort -DIFORT -fp-stack-check -fp-model source -c -fpp -FI -O -r8 -prec_div -g -traceback -I/nas/data_cellar/rotor/data/p2033/SAM-ASP_tuv/SRC_TUV/ASP//ModuleFiles/ -module /nas/data_cellar/rotor/data/p2033/SAM-ASP_tuv/SRC_TUV/ASP//ModuleFiles/ -FR -DIFORT /nas/data_cellar/rotor/data/p2033/SAM-ASP_tuv/SRC_TUV/ASP//src/ComputationalSubroutines/CDFNor.f90
\mv CDFNor.o /nas/data_cellar/rotor/data/p2033/SAM-ASP_tuv/SRC_TUV/ASP//ObjectFiles/
ifort -DIFORT -fp-stack-check -fp-model source -c -fpp -FI -O -r8 -prec_div -g -traceback -I/nas/data_cellar/rotor/data/p2033/SAM-ASP_tuv/SRC_TUV/ASP//ModuleFiles/ -module /nas/data_cellar/rotor/data/p2033/SAM-ASP_tuv/SRC_TUV/ASP//ModuleFiles/ /nas/data_cellar/rotor/data/p2033/SAM-ASP_tuv/SRC_TUV/ASP//src/ComputationalSubroutines/indexx.f
\mv indexx.o /nas/data_cellar/rotor/data/p2033/SAM-ASP_tuv/SRC_TUV/ASP//ObjectFiles/
ifort -DIFORT -fp-stack-check -fp-model source -c -fpp -FI -O -r8 -prec_div -g -traceback -I/nas/data_cellar/rotor/data/p2033/SAM-ASP_tuv/SRC_TUV/ASP//ModuleFiles/ -module /nas/data_cellar/rotor/data/p2033/SAM-ASP_tuv/SRC_TUV/ASP//ModuleFiles/ /nas/data_cellar/rotor/data/p2033/SAM-ASP_tuv/SRC_TUV/ASP//src/ComputationalSubroutines/lsodes.f
\mv lsodes.o /nas/data_cellar/rotor/data/p2033/SAM-ASP_tuv/SRC_TUV/ASP//ObjectFiles/
ifort -DIFORT -fp-stack-check -fp-model source -c -fpp -FI -O -r8 -prec_div -g -traceback -I/nas/data_cellar/rotor/data/p2033/SAM-ASP_tuv/SRC_TUV/ASP//ModuleFiles/ -module /nas/data_cellar/rotor/data/p2033/SAM-ASP_tuv/SRC_TUV/ASP//ModuleFiles/ /nas/data_cellar/rotor/data/p2033/SAM-ASP_tuv/SRC_TUV/ASP//src/ComputationalSubroutines/PPND16.f
\mv PPND16.o /nas/data_cellar/rotor/data/p2033/SAM-ASP_tuv/SRC_TUV/ASP//ObjectFiles/
ifort -DIFORT -fp-stack-check -fp-model source -c -fpp -FI -O -r8 -prec_div -g -traceback -I/nas/data_cellar/rotor/data/p2033/SAM-ASP_tuv/SRC_TUV/ASP//ModuleFiles/ -module /nas/data_cellar/rotor/data/p2033/SAM-ASP_tuv/SRC_TUV/ASP//ModuleFiles/ /nas/data_cellar/rotor/data/p2033/SAM-ASP_tuv/SRC_TUV/ASP//src/ComputationalSubroutines/dgaus8.f
\mv dgaus8.o /nas/data_cellar/rotor/data/p2033/SAM-ASP_tuv/SRC_TUV/ASP//ObjectFiles/
ifort -DIFORT -fp-stack-check -fp-model source -c -fpp -FI -O -r8 -prec_div -g -traceback -I/nas/data_cellar/rotor/data/p2033/SAM-ASP_tuv/SRC_TUV/ASP//ModuleFiles/ -module /nas/data_cellar/rotor/data/p2033/SAM-ASP_tuv/SRC_TUV/ASP//ModuleFiles/ /nas/data_cellar/rotor/data/p2033/SAM-ASP_tuv/SRC_TUV/ASP//src/DMiLay.f
\mv DMiLay.o /nas/data_cellar/rotor/data/p2033/SAM-ASP_tuv/SRC_TUV/ASP//ObjectFiles/
ifort -DIFORT -fp-stack-check -fp-model source -c -fpp -FI -O -r8 -prec_div -g -traceback -I/nas/data_cellar/rotor/data/p2033/SAM-ASP_tuv/SRC_TUV/ASP//ModuleFiles/ -module /nas/data_cellar/rotor/data/p2033/SAM-ASP_tuv/SRC_TUV/ASP//ModuleFiles/ -FR -DIFORT /nas/data_cellar/rotor/data/p2033/SAM-ASP_tuv/SRC_TUV/ASP//src/ModelParameters.f90
\mv ModelParameters.o /nas/data_cellar/rotor/data/p2033/SAM-ASP_tuv/SRC_TUV/ASP//ObjectFiles/
ifort -DIFORT -fp-stack-check -fp-model source -c -fpp -FI -O -r8 -prec_div -g -traceback -I/nas/data_cellar/rotor/data/p2033/SAM-ASP_tuv/SRC_TUV/ASP//ModuleFiles/ -module /nas/data_cellar/rotor/data/p2033/SAM-ASP_tuv/SRC_TUV/ASP//ModuleFiles/ -FR -DIFORT /nas/data_cellar/rotor/data/p2033/SAM-ASP_tuv/SRC_TUV/ASP//src/InfrastructuralCode/InfrastructuralCode.f90
\mv InfrastructuralCode.o /nas/data_cellar/rotor/data/p2033/SAM-ASP_tuv/SRC_TUV/ASP//ObjectFiles/
ifort -DIFORT -fp-stack-check -fp-model source -c -fpp -FI -O -r8 -prec_div -g -traceback -I/nas/data_cellar/rotor/data/p2033/SAM-ASP_tuv/SRC_TUV/ASP//ModuleFiles/ -module /nas/data_cellar/rotor/data/p2033/SAM-ASP_tuv/SRC_TUV/ASP//ModuleFiles/ -FR -DIFORT /nas/data_cellar/rotor/data/p2033/SAM-ASP_tuv/SRC_TUV/ASP//src/EulerianEnvironment/GridPointFields.f90
\mv GridPointFields.o /nas/data_cellar/rotor/data/p2033/SAM-ASP_tuv/SRC_TUV/ASP//ObjectFiles/       	
ifort -DIFORT -fp-stack-check -fp-model source -c -fpp -FI -O -r8 -prec_div -g -traceback -I/nas/data_cellar/rotor/data/p2033/SAM-ASP_tuv/SRC_TUV/ASP//ModuleFiles/ -module /nas/data_cellar/rotor/data/p2033/SAM-ASP_tuv/SRC_TUV/ASP//ModuleFiles/ -FR -DIFORT /nas/data_cellar/rotor/data/p2033/SAM-ASP_tuv/SRC_TUV/ASP//src/Time.f90
\mv Time.o /nas/data_cellar/rotor/data/p2033/SAM-ASP_tuv/SRC_TUV/ASP//ObjectFiles/   
ifort -DIFORT -fp-stack-check -fp-model source -c -fpp -FI -O -r8 -prec_div -g -traceback -I/nas/data_cellar/rotor/data/p2033/SAM-ASP_tuv/SRC_TUV/ASP//ModuleFiles/ -module /nas/data_cellar/rotor/data/p2033/SAM-ASP_tuv/SRC_TUV/ASP//ModuleFiles/ -FR -DIFORT /nas/data_cellar/rotor/data/p2033/SAM-ASP_tuv/SRC_TUV/ASP//src/Chemistry/Chemistry.f90
\mv Chemistry.o /nas/data_cellar/rotor/data/p2033/SAM-ASP_tuv/SRC_TUV/ASP//ObjectFiles/   
ifort -DIFORT -fp-stack-check -fp-model source -c -fpp -FI -O -r8 -prec_div -g -traceback -I/nas/data_cellar/rotor/data/p2033/SAM-ASP_tuv/SRC_TUV/ASP//ModuleFiles/ -module /nas/data_cellar/rotor/data/p2033/SAM-ASP_tuv/SRC_TUV/ASP//ModuleFiles/ -FR -DIFORT /nas/data_cellar/rotor/data/p2033/SAM-ASP_tuv/SRC_TUV/ASP//src/ComputationalSubroutines/Gibbs-DuhemEvaluationFunction.f90
\mv Gibbs-DuhemEvaluationFunction.o /nas/data_cellar/rotor/data/p2033/SAM-ASP_tuv/SRC_TUV/ASP//ObjectFiles/
ifort -DIFORT -fp-stack-check -fp-model source -c -fpp -FI -O -r8 -prec_div -g -traceback -I/nas/data_cellar/rotor/data/p2033/SAM-ASP_tuv/SRC_TUV/ASP//ModuleFiles/ -module /nas/data_cellar/rotor/data/p2033/SAM-ASP_tuv/SRC_TUV/ASP//ModuleFiles/ -FR -DIFORT /nas/data_cellar/rotor/data/p2033/SAM-ASP_tuv/SRC_TUV/ASP//src/LagrangianParticles/LagrangianAerosols.f90 
\mv LagrangianAerosols.o /nas/data_cellar/rotor/data/p2033/SAM-ASP_tuv/SRC_TUV/ASP//ObjectFiles/  
ifort -DIFORT -fp-stack-check -fp-model source -c -fpp -FI -O -r8 -prec_div -g -traceback -I/nas/data_cellar/rotor/data/p2033/SAM-ASP_tuv/SRC_TUV/ASP//ModuleFiles/ -module /nas/data_cellar/rotor/data/p2033/SAM-ASP_tuv/SRC_TUV/ASP//ModuleFiles/ -FR -DIFORT /nas/data_cellar/rotor/data/p2033/SAM-ASP_tuv/SRC_TUV/ASP//src/Condensation/Condensation.f90
\mv Condensation.o /nas/data_cellar/rotor/data/p2033/SAM-ASP_tuv/SRC_TUV/ASP//ObjectFiles/   	
ifort -DIFORT -fp-stack-check -fp-model source -c -fpp -FI -O -r8 -prec_div -g -traceback -I/nas/data_cellar/rotor/data/p2033/SAM-ASP_tuv/SRC_TUV/ASP//ModuleFiles/ -module /nas/data_cellar/rotor/data/p2033/SAM-ASP_tuv/SRC_TUV/ASP//ModuleFiles/ /nas/data_cellar/rotor/data/p2033/SAM-ASP_tuv/SRC_TUV/ASP//src/UNIFAC/unifac.f
\mv unifac.o /nas/data_cellar/rotor/data/p2033/SAM-ASP_tuv/SRC_TUV/ASP//ObjectFiles/
ifort -DIFORT -fp-stack-check -fp-model source -c -fpp -FI -O -r8 -prec_div -g -traceback -I/nas/data_cellar/rotor/data/p2033/SAM-ASP_tuv/SRC_TUV/ASP//ModuleFiles/ -module /nas/data_cellar/rotor/data/p2033/SAM-ASP_tuv/SRC_TUV/ASP//ModuleFiles/ /nas/data_cellar/rotor/data/p2033/SAM-ASP_tuv/SRC_TUV/ASP//src/UNIFAC/soa_unidriv.f
\mv soa_unidriv.o /nas/data_cellar/rotor/data/p2033/SAM-ASP_tuv/SRC_TUV/ASP//ObjectFiles/
ifort -DIFORT -fp-stack-check -fp-model source -c -fpp -FI -O -r8 -prec_div -g -traceback -I/nas/data_cellar/rotor/data/p2033/SAM-ASP_tuv/SRC_TUV/ASP//ModuleFiles/ -module /nas/data_cellar/rotor/data/p2033/SAM-ASP_tuv/SRC_TUV/ASP//ModuleFiles/ /nas/data_cellar/rotor/data/p2033/SAM-ASP_tuv/SRC_TUV/ASP//src/UNIFAC/soa_unidriva.f
\mv soa_unidriva.o /nas/data_cellar/rotor/data/p2033/SAM-ASP_tuv/SRC_TUV/ASP//ObjectFiles/
ifort -DIFORT -fp-stack-check -fp-model source -c -fpp -FI -O -r8 -prec_div -g -traceback -I/nas/data_cellar/rotor/data/p2033/SAM-ASP_tuv/SRC_TUV/ASP//ModuleFiles/ -module /nas/data_cellar/rotor/data/p2033/SAM-ASP_tuv/SRC_TUV/ASP//ModuleFiles/ -FR -DIFORT /nas/data_cellar/rotor/data/p2033/SAM-ASP_tuv/SRC_TUV/ASP//src/OutputRoutines/OutputRoutines.f90  
\mv OutputRoutines.o /nas/data_cellar/rotor/data/p2033/SAM-ASP_tuv/SRC_TUV/ASP//ObjectFiles/ 
ifort -DIFORT -fp-stack-check -fp-model source -c -fpp -FI -O -r8 -prec_div -g -traceback -I/nas/data_cellar/rotor/data/p2033/SAM-ASP_tuv/SRC_TUV/ASP//ModuleFiles/ -module /nas/data_cellar/rotor/data/p2033/SAM-ASP_tuv/SRC_TUV/ASP//ModuleFiles/ -FR -DIFORT /nas/data_cellar/rotor/data/p2033/SAM-ASP_tuv/SRC_TUV/ASP//src/Coagulation/Coagulation.f90  
\mv Coagulation.o /nas/data_cellar/rotor/data/p2033/SAM-ASP_tuv/SRC_TUV/ASP//ObjectFiles/ 
ifort -DIFORT -fp-stack-check -fp-model source -c -fpp -FI -O -r8 -prec_div -g -traceback -I/nas/data_cellar/rotor/data/p2033/SAM-ASP_tuv/SRC_TUV/ASP//ModuleFiles/ -module /nas/data_cellar/rotor/data/p2033/SAM-ASP_tuv/SRC_TUV/ASP//ModuleFiles/ -FR -DIFORT /nas/data_cellar/rotor/data/p2033/SAM-ASP_tuv/SRC_TUV/ASP//src/ReadInputDeck.f90
\mv ReadInputDeck.o /nas/data_cellar/rotor/data/p2033/SAM-ASP_tuv/SRC_TUV/ASP//ObjectFiles/   
ifort -DIFORT -fp-stack-check -fp-model source -c -fpp -FI -O -r8 -prec_div -g -traceback -I/nas/data_cellar/rotor/data/p2033/SAM-ASP_tuv/SRC_TUV/ASP//ModuleFiles/ -module /nas/data_cellar/rotor/data/p2033/SAM-ASP_tuv/SRC_TUV/ASP//ModuleFiles/ -FR -DIFORT /nas/data_cellar/rotor/data/p2033/SAM-ASP_tuv/SRC_TUV/ASP//src/StepASP.f90  
\mv StepASP.o /nas/data_cellar/rotor/data/p2033/SAM-ASP_tuv/SRC_TUV/ASP//ObjectFiles/ 
ifort -DIFORT -fp-stack-check -fp-model source -c -fpp -FI -O -r8 -prec_div -g -traceback -I/nas/data_cellar/rotor/data/p2033/SAM-ASP_tuv/SRC_TUV/ASP//ModuleFiles/ -module /nas/data_cellar/rotor/data/p2033/SAM-ASP_tuv/SRC_TUV/ASP//ModuleFiles/ -FR -DIFORT /nas/data_cellar/rotor/data/p2033/SAM-ASP_tuv/SRC_TUV/ASP//src/EulerianBoxDriver.f90  
\mv EulerianBoxDriver.o /nas/data_cellar/rotor/data/p2033/SAM-ASP_tuv/SRC_TUV/ASP//ObjectFiles/ 
ifort -DIFORT -fp-stack-check -fp-model source -c -fpp -FI -O -r8 -prec_div -g -traceback -I/nas/data_cellar/rotor/data/p2033/SAM-ASP_tuv/SRC_TUV/ASP//ModuleFiles/ -module /nas/data_cellar/rotor/data/p2033/SAM-ASP_tuv/SRC_TUV/ASP//ModuleFiles/ /nas/data_cellar/rotor/data/p2033/SAM-ASP_tuv/SRC_TUV/ASP//src/ComputationalSubroutines/opkda2.f
\mv opkda2.o /nas/data_cellar/rotor/data/p2033/SAM-ASP_tuv/SRC_TUV/ASP//ObjectFiles/
ifort -DIFORT -fp-stack-check -fp-model source -c -fpp -FI -O -r8 -prec_div -g -traceback -I/nas/data_cellar/rotor/data/p2033/SAM-ASP_tuv/SRC_TUV/ASP//ModuleFiles/ -module /nas/data_cellar/rotor/data/p2033/SAM-ASP_tuv/SRC_TUV/ASP//ModuleFiles/ /nas/data_cellar/rotor/data/p2033/SAM-ASP_tuv/SRC_TUV/ASP//src/ComputationalSubroutines/opkda1.f
\mv opkda1.o /nas/data_cellar/rotor/data/p2033/SAM-ASP_tuv/SRC_TUV/ASP//ObjectFiles/
ifort -DIFORT -fp-stack-check -fp-model source -c -fpp -FI -O -r8 -prec_div -g -traceback -I/nas/data_cellar/rotor/data/p2033/SAM-ASP_tuv/SRC_TUV/ASP//ModuleFiles/ -module /nas/data_cellar/rotor/data/p2033/SAM-ASP_tuv/SRC_TUV/ASP//ModuleFiles/ /nas/data_cellar/rotor/data/p2033/SAM-ASP_tuv/SRC_TUV/ASP//src/ComputationalSubroutines/opkdmain.f
\mv opkdmain.o /nas/data_cellar/rotor/data/p2033/SAM-ASP_tuv/SRC_TUV/ASP//ObjectFiles/
ar -rv libAspLibrary.a  /nas/data_cellar/rotor/data/p2033/SAM-ASP_tuv/SRC_TUV/ASP//ObjectFiles/CDFNor.o /nas/data_cellar/rotor/data/p2033/SAM-ASP_tuv/SRC_TUV/ASP//ObjectFiles/indexx.o /nas/data_cellar/rotor/data/p2033/SAM-ASP_tuv/SRC_TUV/ASP//ObjectFiles/lsodes.o /nas/data_cellar/rotor/data/p2033/SAM-ASP_tuv/SRC_TUV/ASP//ObjectFiles/PPND16.o /nas/data_cellar/rotor/data/p2033/SAM-ASP_tuv/SRC_TUV/ASP//ObjectFiles/dgaus8.o /nas/data_cellar/rotor/data/p2033/SAM-ASP_tuv/SRC_TUV/ASP//ObjectFiles/DMiLay.o /nas/data_cellar/rotor/data/p2033/SAM-ASP_tuv/SRC_TUV/ASP//ObjectFiles/ModelParameters.o /nas/data_cellar/rotor/data/p2033/SAM-ASP_tuv/SRC_TUV/ASP//ObjectFiles/InfrastructuralCode.o /nas/data_cellar/rotor/data/p2033/SAM-ASP_tuv/SRC_TUV/ASP//ObjectFiles/GridPointFields.o /nas/data_cellar/rotor/data/p2033/SAM-ASP_tuv/SRC_TUV/ASP//ObjectFiles/Time.o /nas/data_cellar/rotor/data/p2033/SAM-ASP_tuv/SRC_TUV/ASP//ObjectFiles/Chemistry.o /nas/data_cellar/rotor/data/p2033/SAM-ASP_tuv/SRC_TUV/ASP//ObjectFiles/Gibbs-DuhemEvaluationFunction.o /nas/data_cellar/rotor/data/p2033/SAM-ASP_tuv/SRC_TUV/ASP//ObjectFiles/LagrangianAerosols.o /nas/data_cellar/rotor/data/p2033/SAM-ASP_tuv/SRC_TUV/ASP//ObjectFiles/Condensation.o /nas/data_cellar/rotor/data/p2033/SAM-ASP_tuv/SRC_TUV/ASP//ObjectFiles/soa_unidriv.o /nas/data_cellar/rotor/data/p2033/SAM-ASP_tuv/SRC_TUV/ASP//ObjectFiles/soa_unidriva.o /nas/data_cellar/rotor/data/p2033/SAM-ASP_tuv/SRC_TUV/ASP//ObjectFiles/unifac.o /nas/data_cellar/rotor/data/p2033/SAM-ASP_tuv/SRC_TUV/ASP//ObjectFiles/OutputRoutines.o /nas/data_cellar/rotor/data/p2033/SAM-ASP_tuv/SRC_TUV/ASP//ObjectFiles/Coagulation.o /nas/data_cellar/rotor/data/p2033/SAM-ASP_tuv/SRC_TUV/ASP//ObjectFiles/ReadInputDeck.o /nas/data_cellar/rotor/data/p2033/SAM-ASP_tuv/SRC_TUV/ASP//ObjectFiles/StepASP.o /nas/data_cellar/rotor/data/p2033/SAM-ASP_tuv/SRC_TUV/ASP//ObjectFiles/EulerianBoxDriver.o /nas/data_cellar/rotor/data/p2033/SAM-ASP_tuv/SRC_TUV/ASP//ObjectFiles/opkda2.o /nas/data_cellar/rotor/data/p2033/SAM-ASP_tuv/SRC_TUV/ASP//ObjectFiles/opkda1.o /nas/data_cellar/rotor/data/p2033/SAM-ASP_tuv/SRC_TUV/ASP//ObjectFiles/opkdmain.o /nas/data_cellar/rotor/data/p2033/SAM-ASP_tuv/SRC_TUV/ASP//ObjectFiles/DMiLay.o /nas/data_cellar/rotor/data/p2033/SAM-ASP_tuv/SRC_TUV/ASP//ObjectFiles/CDFNor.o /nas/data_cellar/rotor/data/p2033/SAM-ASP_tuv/SRC_TUV/ASP//ObjectFiles/indexx.o /nas/data_cellar/rotor/data/p2033/SAM-ASP_tuv/SRC_TUV/ASP//ObjectFiles/lsodes.o /nas/data_cellar/rotor/data/p2033/SAM-ASP_tuv/SRC_TUV/ASP//ObjectFiles/PPND16.o /nas/data_cellar/rotor/data/p2033/SAM-ASP_tuv/SRC_TUV/ASP//ObjectFiles/dgaus8.o /nas/data_cellar/rotor/data/p2033/SAM-ASP_tuv/SRC_TUV/ASP//ObjectFiles/ModelParameters.o /nas/data_cellar/rotor/data/p2033/SAM-ASP_tuv/SRC_TUV/ASP//ObjectFiles/InfrastructuralCode.o /nas/data_cellar/rotor/data/p2033/SAM-ASP_tuv/SRC_TUV/ASP//ObjectFiles/GridPointFields.o /nas/data_cellar/rotor/data/p2033/SAM-ASP_tuv/SRC_TUV/ASP//ObjectFiles/Time.o /nas/data_cellar/rotor/data/p2033/SAM-ASP_tuv/SRC_TUV/ASP//ObjectFiles/Chemistry.o /nas/data_cellar/rotor/data/p2033/SAM-ASP_tuv/SRC_TUV/ASP//ObjectFiles/Gibbs-DuhemEvaluationFunction.o /nas/data_cellar/rotor/data/p2033/SAM-ASP_tuv/SRC_TUV/ASP//ObjectFiles/LagrangianAerosols.o /nas/data_cellar/rotor/data/p2033/SAM-ASP_tuv/SRC_TUV/ASP//ObjectFiles/Condensation.o /nas/data_cellar/rotor/data/p2033/SAM-ASP_tuv/SRC_TUV/ASP//ObjectFiles/soa_unidriv.o /nas/data_cellar/rotor/data/p2033/SAM-ASP_tuv/SRC_TUV/ASP//ObjectFiles/soa_unidriva.o /nas/data_cellar/rotor/data/p2033/SAM-ASP_tuv/SRC_TUV/ASP//ObjectFiles/unifac.o /nas/data_cellar/rotor/data/p2033/SAM-ASP_tuv/SRC_TUV/ASP//ObjectFiles/OutputRoutines.o /nas/data_cellar/rotor/data/p2033/SAM-ASP_tuv/SRC_TUV/ASP//ObjectFiles/Coagulation.o /nas/data_cellar/rotor/data/p2033/SAM-ASP_tuv/SRC_TUV/ASP//ObjectFiles/ReadInputDeck.o /nas/data_cellar/rotor/data/p2033/SAM-ASP_tuv/SRC_TUV/ASP//ObjectFiles/StepASP.o /nas/data_cellar/rotor/data/p2033/SAM-ASP_tuv/SRC_TUV/ASP//ObjectFiles/EulerianBoxDriver.o /nas/data_cellar/rotor/data/p2033/SAM-ASP_tuv/SRC_TUV/ASP//ObjectFiles/opkda2.o /nas/data_cellar/rotor/data/p2033/SAM-ASP_tuv/SRC_TUV/ASP//ObjectFiles/opkda1.o /nas/data_cellar/rotor/data/p2033/SAM-ASP_tuv/SRC_TUV/ASP//ObjectFiles/opkdmain.o
r - /nas/data_cellar/rotor/data/p2033/SAM-ASP_tuv/SRC_TUV/ASP//ObjectFiles/CDFNor.o
r - /nas/data_cellar/rotor/data/p2033/SAM-ASP_tuv/SRC_TUV/ASP//ObjectFiles/indexx.o
r - /nas/data_cellar/rotor/data/p2033/SAM-ASP_tuv/SRC_TUV/ASP//ObjectFiles/lsodes.o
r - /nas/data_cellar/rotor/data/p2033/SAM-ASP_tuv/SRC_TUV/ASP//ObjectFiles/PPND16.o
r - /nas/data_cellar/rotor/data/p2033/SAM-ASP_tuv/SRC_TUV/ASP//ObjectFiles/dgaus8.o
r - /nas/data_cellar/rotor/data/p2033/SAM-ASP_tuv/SRC_TUV/ASP//ObjectFiles/DMiLay.o
r - /nas/data_cellar/rotor/data/p2033/SAM-ASP_tuv/SRC_TUV/ASP//ObjectFiles/ModelParameters.o
r - /nas/data_cellar/rotor/data/p2033/SAM-ASP_tuv/SRC_TUV/ASP//ObjectFiles/InfrastructuralCode.o
r - /nas/data_cellar/rotor/data/p2033/SAM-ASP_tuv/SRC_TUV/ASP//ObjectFiles/GridPointFields.o
r - /nas/data_cellar/rotor/data/p2033/SAM-ASP_tuv/SRC_TUV/ASP//ObjectFiles/Time.o
r - /nas/data_cellar/rotor/data/p2033/SAM-ASP_tuv/SRC_TUV/ASP//ObjectFiles/Chemistry.o
r - /nas/data_cellar/rotor/data/p2033/SAM-ASP_tuv/SRC_TUV/ASP//ObjectFiles/Gibbs-DuhemEvaluationFunction.o
r - /nas/data_cellar/rotor/data/p2033/SAM-ASP_tuv/SRC_TUV/ASP//ObjectFiles/LagrangianAerosols.o
r - /nas/data_cellar/rotor/data/p2033/SAM-ASP_tuv/SRC_TUV/ASP//ObjectFiles/Condensation.o
r - /nas/data_cellar/rotor/data/p2033/SAM-ASP_tuv/SRC_TUV/ASP//ObjectFiles/soa_unidriv.o
r - /nas/data_cellar/rotor/data/p2033/SAM-ASP_tuv/SRC_TUV/ASP//ObjectFiles/soa_unidriva.o
r - /nas/data_cellar/rotor/data/p2033/SAM-ASP_tuv/SRC_TUV/ASP//ObjectFiles/unifac.o
r - /nas/data_cellar/rotor/data/p2033/SAM-ASP_tuv/SRC_TUV/ASP//ObjectFiles/OutputRoutines.o
r - /nas/data_cellar/rotor/data/p2033/SAM-ASP_tuv/SRC_TUV/ASP//ObjectFiles/Coagulation.o
r - /nas/data_cellar/rotor/data/p2033/SAM-ASP_tuv/SRC_TUV/ASP//ObjectFiles/ReadInputDeck.o
r - /nas/data_cellar/rotor/data/p2033/SAM-ASP_tuv/SRC_TUV/ASP//ObjectFiles/StepASP.o
r - /nas/data_cellar/rotor/data/p2033/SAM-ASP_tuv/SRC_TUV/ASP//ObjectFiles/EulerianBoxDriver.o
r - /nas/data_cellar/rotor/data/p2033/SAM-ASP_tuv/SRC_TUV/ASP//ObjectFiles/opkda2.o
r - /nas/data_cellar/rotor/data/p2033/SAM-ASP_tuv/SRC_TUV/ASP//ObjectFiles/opkda1.o
r - /nas/data_cellar/rotor/data/p2033/SAM-ASP_tuv/SRC_TUV/ASP//ObjectFiles/opkdmain.o
r - /nas/data_cellar/rotor/data/p2033/SAM-ASP_tuv/SRC_TUV/ASP//ObjectFiles/DMiLay.o
r - /nas/data_cellar/rotor/data/p2033/SAM-ASP_tuv/SRC_TUV/ASP//ObjectFiles/CDFNor.o
r - /nas/data_cellar/rotor/data/p2033/SAM-ASP_tuv/SRC_TUV/ASP//ObjectFiles/indexx.o
r - /nas/data_cellar/rotor/data/p2033/SAM-ASP_tuv/SRC_TUV/ASP//ObjectFiles/lsodes.o
r - /nas/data_cellar/rotor/data/p2033/SAM-ASP_tuv/SRC_TUV/ASP//ObjectFiles/PPND16.o
r - /nas/data_cellar/rotor/data/p2033/SAM-ASP_tuv/SRC_TUV/ASP//ObjectFiles/dgaus8.o
r - /nas/data_cellar/rotor/data/p2033/SAM-ASP_tuv/SRC_TUV/ASP//ObjectFiles/ModelParameters.o
r - /nas/data_cellar/rotor/data/p2033/SAM-ASP_tuv/SRC_TUV/ASP//ObjectFiles/InfrastructuralCode.o
r - /nas/data_cellar/rotor/data/p2033/SAM-ASP_tuv/SRC_TUV/ASP//ObjectFiles/GridPointFields.o
r - /nas/data_cellar/rotor/data/p2033/SAM-ASP_tuv/SRC_TUV/ASP//ObjectFiles/Time.o
r - /nas/data_cellar/rotor/data/p2033/SAM-ASP_tuv/SRC_TUV/ASP//ObjectFiles/Chemistry.o
r - /nas/data_cellar/rotor/data/p2033/SAM-ASP_tuv/SRC_TUV/ASP//ObjectFiles/Gibbs-DuhemEvaluationFunction.o
r - /nas/data_cellar/rotor/data/p2033/SAM-ASP_tuv/SRC_TUV/ASP//ObjectFiles/LagrangianAerosols.o
r - /nas/data_cellar/rotor/data/p2033/SAM-ASP_tuv/SRC_TUV/ASP//ObjectFiles/Condensation.o
r - /nas/data_cellar/rotor/data/p2033/SAM-ASP_tuv/SRC_TUV/ASP//ObjectFiles/soa_unidriv.o
r - /nas/data_cellar/rotor/data/p2033/SAM-ASP_tuv/SRC_TUV/ASP//ObjectFiles/soa_unidriva.o
r - /nas/data_cellar/rotor/data/p2033/SAM-ASP_tuv/SRC_TUV/ASP//ObjectFiles/unifac.o
r - /nas/data_cellar/rotor/data/p2033/SAM-ASP_tuv/SRC_TUV/ASP//ObjectFiles/OutputRoutines.o
r - /nas/data_cellar/rotor/data/p2033/SAM-ASP_tuv/SRC_TUV/ASP//ObjectFiles/Coagulation.o
r - /nas/data_cellar/rotor/data/p2033/SAM-ASP_tuv/SRC_TUV/ASP//ObjectFiles/ReadInputDeck.o
r - /nas/data_cellar/rotor/data/p2033/SAM-ASP_tuv/SRC_TUV/ASP//ObjectFiles/StepASP.o
r - /nas/data_cellar/rotor/data/p2033/SAM-ASP_tuv/SRC_TUV/ASP//ObjectFiles/EulerianBoxDriver.o
r - /nas/data_cellar/rotor/data/p2033/SAM-ASP_tuv/SRC_TUV/ASP//ObjectFiles/opkda2.o
r - /nas/data_cellar/rotor/data/p2033/SAM-ASP_tuv/SRC_TUV/ASP//ObjectFiles/opkda1.o
r - /nas/data_cellar/rotor/data/p2033/SAM-ASP_tuv/SRC_TUV/ASP//ObjectFiles/opkdmain.o
