ifort  -c numer.f
ifort  -c functs.f
ifort  -c orbit.f
ifort  -c terint.f
ifort  -c TUV4SAMASP.f
ifort  -c grids.f
ifort  -c rdinp.f
ifort  -c rdetfl.f
ifort  -c rdxs.f
ifort  -c swphys.f
ifort  -c swbiol.f
ifort  -c swchem.f
ifort  -c rxn.f
ifort  -c qys.f
ifort  -c wshift.f
ifort  -c vpair.f
ifort  -c vptmp.f
ifort  -c vpo3.f
ifort  -c odrl.f
ifort  -c odo3.f
ifort  -c setaer.f
ifort  -c setalb.f
ifort  -c setcld.f
ifort  -c setsnw.f
ifort  -c setno2.f
ifort  -c seto2.f
ifort  -c setso2.f
ifort  -c sphers.f
ifort  -c la_srb.f
ifort  -c rtrans.f
ifort  -c savout.f
ifort  -c newlst.f
ifort  -c wrflut.f
ifort  -c waters.f
ifort  -c swdom.f
ar -rv libTuvLibrary.a numer.o functs.o orbit.o terint.o TUV4SAMASP.o grids.o rdinp.o rdetfl.o rdxs.o swphys.o swbiol.o swchem.o rxn.o qys.o wshift.o vpair.o vptmp.o vpo3.o odrl.o odo3.o setaer.o setalb.o setcld.o setsnw.o setno2.o seto2.o setso2.o sphers.o la_srb.o rtrans.o savout.o newlst.o wrflut.o waters.o swdom.o  
r - numer.o
r - functs.o
r - orbit.o
r - terint.o
r - TUV4SAMASP.o
r - grids.o
r - rdinp.o
r - rdetfl.o
r - rdxs.o
r - swphys.o
r - swbiol.o
r - swchem.o
r - rxn.o
r - qys.o
r - wshift.o
r - vpair.o
r - vptmp.o
r - vpo3.o
r - odrl.o
r - odo3.o
r - setaer.o
r - setalb.o
r - setcld.o
r - setsnw.o
r - setno2.o
r - seto2.o
r - setso2.o
r - sphers.o
r - la_srb.o
r - rtrans.o
r - savout.o
r - newlst.o
r - wrflut.o
r - waters.o
r - swdom.o
